<?xml version="1.0" encoding="UTF-8"?>
<!-- Generated by org.testng.reporters.JUnitReportReporter -->
<testsuite hostname="DESKTOP-V310COA" failures="0" tests="1" name="Config.StartBrowser" time="3.233" errors="0" timestamp="2020-06-21T13:09:04 IST" skipped="0">
  <testcase classname="Config.StartBrowser" name="demo" time="3.233"/>
  <system-out/>
</testsuite> <!-- Config.StartBrowser -->
