<?xml version="1.0" encoding="UTF-8"?>
<!-- Generated by org.testng.reporters.JUnitReportReporter -->
<testsuite hostname="DESKTOP-V310COA" failures="0" tests="1" name="com.gcr.script.Login_Logout" time="18.692" errors="0" timestamp="2020-06-21T20:41:55 IST" skipped="0">
  <testcase classname="com.gcr.script.Login_Logout" name="testLogin_Logout" time="18.692"/>
  <system-out/>
</testsuite> <!-- com.gcr.script.Login_Logout -->
